Build started 2013-01-30 15:48:58.
     1>Project "H:\Programmering\TNM085\Shape\Shape\Shape.vcxproj" on node 2 (build target(s)).
     1>InitializeBuildStatus:
         Creating "Debug\Shape.unsuccessfulbuild" because "AlwaysCreate" was specified.
       ClCompile:
         c:\Program Files (x86)\Microsoft Visual Studio 10.0\VC\bin\CL.exe /c /ZI /nologo /W3 /WX- /Od /Oy- /D _MBCS /Gm /EHsc /RTC1 /MDd /GS /fp:precise /Zc:wchar_t /Zc:forScope /Fo"Debug\\" /Fd"Debug\vc100.pdb" /Gd /TP /analyze- /errorReport:prompt main.cpp
         main.cpp
       Link:
         c:\Program Files (x86)\Microsoft Visual Studio 10.0\VC\bin\link.exe /ERRORREPORT:PROMPT /OUT:"H:\Programmering\TNM085\Shape\Debug\Shape.exe" /NOLOGO glfw.lib glew32.lib opengl32.lib kernel32.lib user32.lib gdi32.lib winspool.lib comdlg32.lib advapi32.lib shell32.lib ole32.lib oleaut32.lib uuid.lib odbc32.lib odbccp32.lib kernel32.lib user32.lib gdi32.lib winspool.lib comdlg32.lib advapi32.lib shell32.lib ole32.lib oleaut32.lib uuid.lib odbc32.lib odbccp32.lib /MANIFEST /ManifestFile:"Debug\Shape.exe.intermediate.manifest" /MANIFESTUAC:"level='asInvoker' uiAccess='false'" /DEBUG /PDB:"H:\Programmering\TNM085\Shape\Debug\Shape.pdb" /TLBID:1 /DYNAMICBASE /NXCOMPAT /IMPLIB:"H:\Programmering\TNM085\Shape\Debug\Shape.lib" /MACHINE:X86 Debug\graphicsEngine.obj
         Debug\main.obj
         Debug\shape.obj
         LINK : H:\Programmering\TNM085\Shape\Debug\Shape.exe not found or not built by the last incremental link; performing full link
     1>LINK : warning LNK4098: defaultlib 'MSVCRT' conflicts with use of other libs; use /NODEFAULTLIB:library
         Shape.vcxproj -> H:\Programmering\TNM085\Shape\Debug\Shape.exe
       Manifest:
         C:\Program Files (x86)\Microsoft SDKs\Windows\v7.0A\bin\mt.exe /nologo /verbose /outputresource:"H:\Programmering\TNM085\Shape\Debug\Shape.exe;#1" /manifest Debug\Shape.exe.intermediate.manifest
       FinalizeBuildStatus:
         Deleting file "Debug\Shape.unsuccessfulbuild".
         Touching "Debug\Shape.lastbuildstate".
     1>Done Building Project "H:\Programmering\TNM085\Shape\Shape\Shape.vcxproj" (build target(s)).

Build succeeded.

Time Elapsed 00:00:03.46
