Build started 2013-03-05 18:42:12.
     1>Project "H:\MosPro\openGL\2D\MosPro\MosPro.vcxproj" on node 2 (build target(s)).
     1>InitializeBuildStatus:
         Creating "Debug\MosPro.unsuccessfulbuild" because "AlwaysCreate" was specified.
       ClCompile:
         c:\Program Files (x86)\Microsoft Visual Studio 10.0\VC\bin\CL.exe /c /Zi /nologo /W3 /WX- /Od /Oy- /D _MBCS /Gm /EHsc /RTC1 /MDd /GS /fp:precise /Zc:wchar_t /Zc:forScope /Fo"Debug\\" /Fd"Debug\vc100.pdb" /Gd /TP /analyze- /errorReport:prompt box2D.cpp glmIO.cpp graphics\bufferObject.cpp graphics\circleGeometry2D.cpp graphics\geometry2D.cpp graphics\glEngine2D.cpp graphics\material2D.cpp graphics\shape2D.cpp graphics\temporaryBufferObject.cpp graphics\wallGeometry2D.cpp lib\debugGL.cpp lib\shader.cpp main.cpp physics\bspNode2D.cpp physics\collision2D.cpp physics\collisionDetector2D.cpp physics\edge.cpp physics\immovableBody2D.cpp physics\minkowskiPoint2D.cpp physics\movableBody2D.cpp physics\physicsEngine2D.cpp physics\potentialCollision2D.cpp physics\rigidBody2D.cpp
         rigidBody2D.cpp
         potentialCollision2D.cpp
         physicsEngine2D.cpp
         movableBody2D.cpp
         minkowskiPoint2D.cpp
         immovableBody2D.cpp
         edge.cpp
         collisionDetector2D.cpp
     1>physics\collisionDetector2D.cpp(108): warning C4018: '<' : signed/unsigned mismatch
     1>physics\collisionDetector2D.cpp(131): warning C4018: '<' : signed/unsigned mismatch
     1>physics\collisionDetector2D.cpp(132): warning C4018: '<' : signed/unsigned mismatch
         collision2D.cpp
         bspNode2D.cpp
     1>physics\bspNode2D.cpp(36): warning C4482: nonstandard extension used: enum 'BSPLocation2D' used in qualified name
     1>physics\bspNode2D.cpp(37): warning C4482: nonstandard extension used: enum 'BSPLocation2D' used in qualified name
     1>physics\bspNode2D.cpp(38): warning C4482: nonstandard extension used: enum 'BSPLocation2D' used in qualified name
     1>physics\bspNode2D.cpp(39): warning C4482: nonstandard extension used: enum 'BSPLocation2D' used in qualified name
     1>physics\bspNode2D.cpp(49): warning C4482: nonstandard extension used: enum 'BSPLocation2D' used in qualified name
     1>physics\bspNode2D.cpp(55): warning C4482: nonstandard extension used: enum 'BSPLocation2D' used in qualified name
     1>physics\bspNode2D.cpp(56): warning C4482: nonstandard extension used: enum 'BSPLocation2D' used in qualified name
     1>physics\bspNode2D.cpp(57): warning C4482: nonstandard extension used: enum 'BSPLocation2D' used in qualified name
     1>physics\bspNode2D.cpp(58): warning C4482: nonstandard extension used: enum 'BSPLocation2D' used in qualified name
         main.cpp
     1>main.cpp(41): warning C4996: 'sprintf': This function or variable may be unsafe. Consider using sprintf_s instead. To disable deprecation, use _CRT_SECURE_NO_WARNINGS. See online help for details.
                 c:\Program Files (x86)\Microsoft Visual Studio 10.0\VC\include\stdio.h(371) : see declaration of 'sprintf'
     1>main.cpp(58): warning C4244: 'argument' : conversion from 'time_t' to 'unsigned int', possible loss of data
         shader.cpp
         debugGL.cpp
         wallGeometry2D.cpp
         temporaryBufferObject.cpp
         shape2D.cpp
     1>graphics\shape2D.cpp(12): warning C4244: 'argument' : conversion from 'double' to 'const glm::lowp_float', possible loss of data
     1>graphics\shape2D.cpp(20): warning C4018: '<' : signed/unsigned mismatch
         material2D.cpp
         glEngine2D.cpp
         geometry2D.cpp
         circleGeometry2D.cpp
         Generating Code...
         Compiling...
         bufferObject.cpp
         glmIO.cpp
         box2D.cpp
         Generating Code...
       Link:
         c:\Program Files (x86)\Microsoft Visual Studio 10.0\VC\bin\link.exe /ERRORREPORT:PROMPT /OUT:"H:\MosPro\openGL\2D\MosPro\Debug\MosPro.exe" /NOLOGO opengl32.lib glfw.lib glew32.lib kernel32.lib user32.lib gdi32.lib winspool.lib comdlg32.lib advapi32.lib shell32.lib ole32.lib oleaut32.lib uuid.lib odbc32.lib odbccp32.lib kernel32.lib user32.lib gdi32.lib winspool.lib comdlg32.lib advapi32.lib shell32.lib ole32.lib oleaut32.lib uuid.lib odbc32.lib odbccp32.lib /MANIFEST /ManifestFile:"Debug\MosPro.exe.intermediate.manifest" /MANIFESTUAC:"level='asInvoker' uiAccess='false'" /DEBUG /PDB:"H:\MosPro\openGL\2D\MosPro\Debug\MosPro.pdb" /TLBID:1 /DYNAMICBASE /NXCOMPAT /IMPLIB:"H:\MosPro\openGL\2D\MosPro\Debug\MosPro.lib" /MACHINE:X86 Debug\box2D.obj
         Debug\glmIO.obj
         Debug\bufferObject.obj
         Debug\circleGeometry2D.obj
         Debug\geometry2D.obj
         Debug\glEngine2D.obj
         Debug\material2D.obj
         Debug\shape2D.obj
         Debug\temporaryBufferObject.obj
         Debug\wallGeometry2D.obj
         Debug\debugGL.obj
         Debug\shader.obj
         Debug\main.obj
         Debug\bspNode2D.obj
         Debug\collision2D.obj
         Debug\collisionDetector2D.obj
         Debug\edge.obj
         Debug\immovableBody2D.obj
         Debug\minkowskiPoint2D.obj
         Debug\movableBody2D.obj
         Debug\physicsEngine2D.obj
         Debug\potentialCollision2D.obj
         Debug\rigidBody2D.obj
         LINK : H:\MosPro\openGL\2D\MosPro\Debug\MosPro.exe not found or not built by the last incremental link; performing full link
     1>LINK : warning LNK4098: defaultlib 'MSVCRT' conflicts with use of other libs; use /NODEFAULTLIB:library
         MosPro.vcxproj -> H:\MosPro\openGL\2D\MosPro\Debug\MosPro.exe
       Manifest:
         C:\Program Files (x86)\Microsoft SDKs\Windows\v7.0A\bin\mt.exe /nologo /verbose /outputresource:"H:\MosPro\openGL\2D\MosPro\Debug\MosPro.exe;#1" /manifest Debug\MosPro.exe.intermediate.manifest
       FinalizeBuildStatus:
         Deleting file "Debug\MosPro.unsuccessfulbuild".
         Touching "Debug\MosPro.lastbuildstate".
     1>Done Building Project "H:\MosPro\openGL\2D\MosPro\MosPro.vcxproj" (build target(s)).

Build succeeded.

Time Elapsed 00:00:17.51
